â”â”â”â”â”â”â”â”â”â”â”â”â”â”â”â”â”â”â”â”â”â”â”â”â”â”â”â”â”â”â”â”â”â” Disclaimer â”â”â”â”â”â”â”â”â”â”â”â”â”â”â”â”â”â”â”â”â”â”â”â”â”â”â”â”â”â”â”â”â”â”“
â”ƒ                                                                              â”ƒ
â”ƒ  textual-web is currently under active development, and not suitable for     â”ƒ
â”ƒ  production use.                                                             â”ƒ
â”ƒ                                                                              â”ƒ
â”ƒ  For support, please join the Discord server                                 â”ƒ
â”ƒ                                                                              â”ƒ
â”—â”â”â”â”â”â”â”â”â”â”â”â”â”â”â”â”â”â”â”â”â”â”â”â”â”â”â”â”â”â”â”â”â”â”â”â”â”â”â”â”â”â”â”â”â”â”â”â”â”â”â”â”â”â”â”â”â”â”â”â”â”â”â”â”â”â”â”â”â”â”â”â”â”â”â”â”â”â”â”›
[07:45:28] INFO     version='0.8.0'                                             
           INFO     environment='prod'                                          
           INFO     loading config from '/workspaces/pw-manager/serve.toml'     
           INFO     connecting to Ganglion                                      
           INFO     <ganglion> No API Key provided. Using a temporary account.  
           INFO     <ganglion> Create an account with 'textual-web --signup'!   
[07:45:29] INFO     <ganglion> ---                                              
           INFO     <ganglion> Serving                                          
                    https://textual-web.io/3gt4eaeem9b5/passwordmanager         
[07:45:44] INFO     <ganglion> 89.123.60.185 'PasswordManager' 'Mozilla/5.0     
                    (X11; Linux x86_64; rv:136.0) Gecko/20100101 Firefox/136.0' 
[F
[07:45:47] INFO     Exit requested                                              
           INFO     Closing 1 session(s)                                        
           INFO     Disconnected from Ganglion                                  
â”â”â”â”â”â”â”â”â”â”â”â”â”â”â”â”â”â”â”â”â”â”â”â”â”â”â”â”â”â”â”â”â”â” Disclaimer â”â”â”â”â”â”â”â”â”â”â”â”â”â”â”â”â”â”â”â”â”â”â”â”â”â”â”â”â”â”â”â”â”â”“
â”ƒ                                                                              â”ƒ
â”ƒ  textual-web is currently under active development, and not suitable for     â”ƒ
â”ƒ  production use.                                                             â”ƒ
â”ƒ                                                                              â”ƒ
â”ƒ  For support, please join the Discord server                                 â”ƒ
â”ƒ                                                                              â”ƒ
â”—â”â”â”â”â”â”â”â”â”â”â”â”â”â”â”â”â”â”â”â”â”â”â”â”â”â”â”â”â”â”â”â”â”â”â”â”â”â”â”â”â”â”â”â”â”â”â”â”â”â”â”â”â”â”â”â”â”â”â”â”â”â”â”â”â”â”â”â”â”â”â”â”â”â”â”â”â”â”â”›
[07:46:13] INFO     version='0.8.0'                                             
           INFO     environment='prod'                                          
           INFO     loading config from '/workspaces/pw-manager/serve.toml'     
           INFO     connecting to Ganglion                                      
           INFO     <ganglion> No API Key provided. Using a temporary account.  
           INFO     <ganglion> Create an account with 'textual-web --signup'!   
           INFO     <ganglion> ---                                              
           INFO     <ganglion> Serving                                          
                    https://textual-web.io/g6jyvvvt735a/passwordmanager         
[07:46:21] INFO     <ganglion> 89.123.60.185 'PasswordManager' 'Mozilla/5.0     
                    (X11; Linux x86_64; rv:136.0) Gecko/20100101 Firefox/136.0' 
â”â”â”â”â”â”â”â”â”â”â”â”â”â”â”â”â”â”â”â”â”â”â”â”â”â”â”â”â”â”â”â”â”â” Disclaimer â”â”â”â”â”â”â”â”â”â”â”â”â”â”â”â”â”â”â”â”â”â”â”â”â”â”â”â”â”â”â”â”â”â”“
â”ƒ                                                                              â”ƒ
â”ƒ  textual-web is currently under active development, and not suitable for     â”ƒ
â”ƒ  production use.                                                             â”ƒ
â”ƒ                                                                              â”ƒ
â”ƒ  For support, please join the Discord server                                 â”ƒ
â”ƒ                                                                              â”ƒ
â”—â”â”â”â”â”â”â”â”â”â”â”â”â”â”â”â”â”â”â”â”â”â”â”â”â”â”â”â”â”â”â”â”â”â”â”â”â”â”â”â”â”â”â”â”â”â”â”â”â”â”â”â”â”â”â”â”â”â”â”â”â”â”â”â”â”â”â”â”â”â”â”â”â”â”â”â”â”â”â”›
[07:47:04] INFO     version='0.8.0'                                             
           INFO     environment='prod'                                          
           INFO     loading config from '/workspaces/pw-manager/serve.toml'     
           INFO     connecting to Ganglion                                      
           INFO     <ganglion> No API Key provided. Using a temporary account.  
           INFO     <ganglion> Create an account with 'textual-web --signup'!   
           INFO     <ganglion> ---                                              
           INFO     <ganglion> Serving                                          
                    https://textual-web.io/fdaavvujyr84/passwordmanager         
[07:47:11] INFO     <ganglion> 89.123.60.185 'PasswordManager' 'Mozilla/5.0     
                    (X11; Linux x86_64; rv:136.0) Gecko/20100101 Firefox/136.0' 
[07:47:13] INFO     <ganglion> 89.123.60.185 'PasswordManager' 0:00:51          
[07:48:18] INFO     <ganglion> In: 152 bytes/s Out: 12.3 kB/s                   
[07:48:18] INFO     <ganglion> In: 35 bytes/s Out: 6.3 kB/s                     
[07:48:54] INFO     <ganglion> 89.123.60.185 'PasswordManager' 0:01:42          
           INFO     <ganglion> 89.123.60.185 'PasswordManager' 'Mozilla/5.0     
                    (X11; Linux x86_64; rv:136.0) Gecko/20100101 Firefox/136.0' 
[07:49:05] INFO     <ganglion> 89.123.60.185 'PasswordManager' 0:00:11          
           INFO     <ganglion> 89.123.60.185 'PasswordManager' 'Mozilla/5.0     
                    (X11; Linux x86_64; rv:136.0) Gecko/20100101 Firefox/136.0' 
[07:49:07] INFO     <ganglion> 89.123.60.185 'PasswordManager' 0:00:01          
           INFO     <ganglion> 89.123.60.185 'PasswordManager' 'Mozilla/5.0     
                    (X11; Linux x86_64; rv:136.0) Gecko/20100101 Firefox/136.0' 
[07:49:08] INFO     <ganglion> 89.123.60.185 'PasswordManager' 0:00:01          
           INFO     <ganglion> 89.123.60.185 'PasswordManager' 'Mozilla/5.0     
                    (X11; Linux x86_64; rv:136.0) Gecko/20100101 Firefox/136.0' 
[07:49:09] INFO     <ganglion> 89.123.60.185 'PasswordManager' 0:00:01          
[07:49:10] INFO     <ganglion> 89.123.60.185 'PasswordManager' 'Mozilla/5.0     
                    (X11; Linux x86_64; rv:136.0) Gecko/20100101 Firefox/136.0' 
[07:51:56] INFO     <ganglion> 89.123.60.185 'PasswordManager' 0:02:46          
[07:51:57] INFO     <ganglion> 89.123.60.185 'PasswordManager' 'Mozilla/5.0     
                    (X11; Linux x86_64; rv:136.0) Gecko/20100101 Firefox/136.0' 
[07:53:21] INFO     <ganglion> 89.123.60.185 'PasswordManager' 0:01:24          
           INFO     <ganglion> 89.123.60.185 'PasswordManager' 'Mozilla/5.0     
                    (X11; Linux x86_64; rv:136.0) Gecko/20100101 Firefox/136.0' 
[07:54:51] INFO     <ganglion> 89.123.60.185 'PasswordManager' 0:01:30          
[07:54:52] INFO     <ganglion> 89.123.60.185 'PasswordManager' 'Mozilla/5.0     
                    (X11; Linux x86_64; rv:136.0) Gecko/20100101 Firefox/136.0' 
[07:59:29] INFO     <ganglion> 89.123.60.185 'PasswordManager' 0:04:37          
           INFO     <ganglion> 89.123.60.185 'PasswordManager' 'Mozilla/5.0     
                    (X11; Linux x86_64; rv:136.0) Gecko/20100101 Firefox/136.0' 
[08:03:18] INFO     <ganglion> In: 51 bytes/s Out: 6.2 kB/s                     
[08:06:52] INFO     <ganglion> 89.123.60.185 'PasswordManager' 'Mozilla/5.0     
                    (X11; Linux x86_64; rv:136.0) Gecko/20100101 Firefox/136.0' 
â”â”â”â”â”â”â”â”â”â”â”â”â”â”â”â”â”â”â”â”â”â”â”â”â”â”â”â”â”â”â”â”â”â” Disclaimer â”â”â”â”â”â”â”â”â”â”â”â”â”â”â”â”â”â”â”â”â”â”â”â”â”â”â”â”â”â”â”â”â”â”“
â”ƒ                                                                              â”ƒ
â”ƒ  textual-web is currently under active development, and not suitable for     â”ƒ
â”ƒ  production use.                                                             â”ƒ
â”ƒ                                                                              â”ƒ
â”ƒ  For support, please join the Discord server                                 â”ƒ
â”ƒ                                                                              â”ƒ
â”—â”â”â”â”â”â”â”â”â”â”â”â”â”â”â”â”â”â”â”â”â”â”â”â”â”â”â”â”â”â”â”â”â”â”â”â”â”â”â”â”â”â”â”â”â”â”â”â”â”â”â”â”â”â”â”â”â”â”â”â”â”â”â”â”â”â”â”â”â”â”â”â”â”â”â”â”â”â”â”›
[08:15:08] INFO     version='0.8.0'                                             
           INFO     environment='prod'                                          
           INFO     loading config from '/workspaces/pw-manager/serve.toml'     
           INFO     connecting to Ganglion                                      
           INFO     <ganglion> No API Key provided. Using a temporary account.  
           INFO     <ganglion> Create an account with 'textual-web --signup'!   
           INFO     <ganglion> ---                                              
           INFO     <ganglion> Serving                                          
                    https://textual-web.io/drrbpbphta60/passwordmanager         
[08:15:15] INFO     <ganglion> 89.123.60.185 'PasswordManager' 'Mozilla/5.0     
                    (X11; Linux x86_64; rv:136.0) Gecko/20100101 Firefox/136.0' 
           INFO     <ganglion> 89.123.60.185 'PasswordManager' 0:00:00          
[08:18:18] INFO     <ganglion> In: 25 bytes/s Out: 3.4 kB/s                     
[08:18:18] INFO     <ganglion> In: 2 bytes/s Out: 1 byte/s                      
[08:21:55] INFO     <ganglion> 89.123.60.185 'PasswordManager' 0:15:02          
           INFO     <ganglion> 89.123.60.185 'PasswordManager' 0:22:25          
â”â”â”â”â”â”â”â”â”â”â”â”â”â”â”â”â”â”â”â”â”â”â”â”â”â”â”â”â”â”â”â”â”â” Disclaimer â”â”â”â”â”â”â”â”â”â”â”â”â”â”â”â”â”â”â”â”â”â”â”â”â”â”â”â”â”â”â”â”â”â”“
â”ƒ                                                                              â”ƒ
â”ƒ  textual-web is currently under active development, and not suitable for     â”ƒ
â”ƒ  production use.                                                             â”ƒ
â”ƒ                                                                              â”ƒ
â”ƒ  For support, please join the Discord server                                 â”ƒ
â”ƒ                                                                              â”ƒ
â”—â”â”â”â”â”â”â”â”â”â”â”â”â”â”â”â”â”â”â”â”â”â”â”â”â”â”â”â”â”â”â”â”â”â”â”â”â”â”â”â”â”â”â”â”â”â”â”â”â”â”â”â”â”â”â”â”â”â”â”â”â”â”â”â”â”â”â”â”â”â”â”â”â”â”â”â”â”â”â”›
[08:22:39] INFO     version='0.8.0'                                             
           INFO     environment='prod'                                          
           INFO     loading config from '/workspaces/pw-manager/serve.toml'     
           INFO     connecting to Ganglion                                      
           INFO     <ganglion> No API Key provided. Using a temporary account.  
           INFO     <ganglion> Create an account with 'textual-web --signup'!   
           INFO     <ganglion> ---                                              
           INFO     <ganglion> Serving                                          
                    https://textual-web.io/b5yt2p9g40pb/passwordmanager         
[08:22:51] INFO     <ganglion> 89.123.60.185 'PasswordManager' 'Mozilla/5.0     
                    (X11; Linux x86_64; rv:136.0) Gecko/20100101 Firefox/136.0' 
[08:23:53] INFO     <ganglion> 89.123.60.185 'PasswordManager' 0:01:02          
           INFO     <ganglion> 89.123.60.185 'PasswordManager' 'Mozilla/5.0     
                    (X11; Linux x86_64; rv:136.0) Gecko/20100101 Firefox/136.0' 
â”â”â”â”â”â”â”â”â”â”â”â”â”â”â”â”â”â”â”â”â”â”â”â”â”â”â”â”â”â”â”â”â”â” Disclaimer â”â”â”â”â”â”â”â”â”â”â”â”â”â”â”â”â”â”â”â”â”â”â”â”â”â”â”â”â”â”â”â”â”â”“
â”ƒ                                                                              â”ƒ
â”ƒ  textual-web is currently under active development, and not suitable for     â”ƒ
â”ƒ  production use.                                                             â”ƒ
â”ƒ                                                                              â”ƒ
â”ƒ  For support, please join the Discord server                                 â”ƒ
â”ƒ                                                                              â”ƒ
â”—â”â”â”â”â”â”â”â”â”â”â”â”â”â”â”â”â”â”â”â”â”â”â”â”â”â”â”â”â”â”â”â”â”â”â”â”â”â”â”â”â”â”â”â”â”â”â”â”â”â”â”â”â”â”â”â”â”â”â”â”â”â”â”â”â”â”â”â”â”â”â”â”â”â”â”â”â”â”â”›
[08:26:33] INFO     version='0.8.0'                                             
           INFO     environment='prod'                                          
           INFO     loading config from '/workspaces/pw-manager/serve.toml'     
           INFO     connecting to Ganglion                                      
           INFO     <ganglion> No API Key provided. Using a temporary account.  
           INFO     <ganglion> Create an account with 'textual-web --signup'!   
           INFO     <ganglion> ---                                              
           INFO     <ganglion> Serving                                          
                    https://textual-web.io/n0vq51aymb2u/passwordmanager         
[08:26:40] INFO     <ganglion> 89.123.60.185 'PasswordManager' 0:02:46          
[08:26:42] INFO     <ganglion> 89.123.60.185 'PasswordManager' 'Mozilla/5.0     
                    (X11; Linux x86_64; rv:136.0) Gecko/20100101 Firefox/136.0' 
â”â”â”â”â”â”â”â”â”â”â”â”â”â”â”â”â”â”â”â”â”â”â”â”â”â”â”â”â”â”â”â”â”â” Disclaimer â”â”â”â”â”â”â”â”â”â”â”â”â”â”â”â”â”â”â”â”â”â”â”â”â”â”â”â”â”â”â”â”â”â”“
â”ƒ                                                                              â”ƒ
â”ƒ  textual-web is currently under active development, and not suitable for     â”ƒ
â”ƒ  production use.                                                             â”ƒ
â”ƒ                                                                              â”ƒ
â”ƒ  For support, please join the Discord server                                 â”ƒ
â”ƒ                                                                              â”ƒ
â”—â”â”â”â”â”â”â”â”â”â”â”â”â”â”â”â”â”â”â”â”â”â”â”â”â”â”â”â”â”â”â”â”â”â”â”â”â”â”â”â”â”â”â”â”â”â”â”â”â”â”â”â”â”â”â”â”â”â”â”â”â”â”â”â”â”â”â”â”â”â”â”â”â”â”â”â”â”â”â”›
[08:28:16] INFO     version='0.8.0'                                             
           INFO     environment='prod'                                          
           INFO     loading config from '/workspaces/pw-manager/serve.toml'     
           INFO     connecting to Ganglion                                      
           INFO     <ganglion> No API Key provided. Using a temporary account.  
           INFO     <ganglion> Create an account with 'textual-web --signup'!   
           INFO     <ganglion> ---                                              
           INFO     <ganglion> Serving                                          
                    https://textual-web.io/gry9sj4m0qbh/passwordmanager         
[08:28:20] INFO     <ganglion> 89.123.60.185 'PasswordManager' 'Mozilla/5.0     
                    (X11; Linux x86_64; rv:136.0) Gecko/20100101 Firefox/136.0' 
[08:28:21] INFO     <ganglion> 89.123.60.185 'PasswordManager' 0:01:39          
â”â”â”â”â”â”â”â”â”â”â”â”â”â”â”â”â”â”â”â”â”â”â”â”â”â”â”â”â”â”â”â”â”â” Disclaimer â”â”â”â”â”â”â”â”â”â”â”â”â”â”â”â”â”â”â”â”â”â”â”â”â”â”â”â”â”â”â”â”â”â”“
â”ƒ                                                                              â”ƒ
â”ƒ  textual-web is currently under active development, and not suitable for     â”ƒ
â”ƒ  production use.                                                             â”ƒ
â”ƒ                                                                              â”ƒ
â”ƒ  For support, please join the Discord server                                 â”ƒ
â”ƒ                                                                              â”ƒ
â”—â”â”â”â”â”â”â”â”â”â”â”â”â”â”â”â”â”â”â”â”â”â”â”â”â”â”â”â”â”â”â”â”â”â”â”â”â”â”â”â”â”â”â”â”â”â”â”â”â”â”â”â”â”â”â”â”â”â”â”â”â”â”â”â”â”â”â”â”â”â”â”â”â”â”â”â”â”â”â”›
[08:29:45] INFO     version='0.8.0'                                             
           INFO     environment='prod'                                          
           INFO     loading config from '/workspaces/pw-manager/serve.toml'     
           INFO     connecting to Ganglion                                      
           INFO     <ganglion> No API Key provided. Using a temporary account.  
           INFO     <ganglion> Create an account with 'textual-web --signup'!   
           INFO     <ganglion> ---                                              
           INFO     <ganglion> Serving                                          
                    https://textual-web.io/54an7syq45a3/passwordmanager         
[08:29:51] INFO     <ganglion> 89.123.60.185 'PasswordManager' 'Mozilla/5.0     
                    (X11; Linux x86_64; rv:136.0) Gecko/20100101 Firefox/136.0' 
           INFO     <ganglion> 89.123.60.185 'PasswordManager' 0:00:00          
[08:29:52] INFO     <ganglion> 89.123.60.185 'PasswordManager' 0:01:32          
[08:29:54] INFO     <ganglion> 89.123.60.185 'PasswordManager' 'Mozilla/5.0     
                    (X11; Linux x86_64; rv:136.0) Gecko/20100101 Firefox/136.0' 
           INFO     <ganglion> 89.123.60.185 'PasswordManager' 0:00:00          
[08:29:55] INFO     <ganglion> 89.123.60.185 'PasswordManager' 'Mozilla/5.0     
                    (X11; Linux x86_64; rv:136.0) Gecko/20100101 Firefox/136.0' 
           INFO     <ganglion> 89.123.60.185 'PasswordManager' 0:00:00          
â”â”â”â”â”â”â”â”â”â”â”â”â”â”â”â”â”â”â”â”â”â”â”â”â”â”â”â”â”â”â”â”â”â” Disclaimer â”â”â”â”â”â”â”â”â”â”â”â”â”â”â”â”â”â”â”â”â”â”â”â”â”â”â”â”â”â”â”â”â”â”“
â”ƒ                                                                              â”ƒ
â”ƒ  textual-web is currently under active development, and not suitable for     â”ƒ
â”ƒ  production use.                                                             â”ƒ
â”ƒ                                                                              â”ƒ
â”ƒ  For support, please join the Discord server                                 â”ƒ
â”ƒ                                                                              â”ƒ
â”—â”â”â”â”â”â”â”â”â”â”â”â”â”â”â”â”â”â”â”â”â”â”â”â”â”â”â”â”â”â”â”â”â”â”â”â”â”â”â”â”â”â”â”â”â”â”â”â”â”â”â”â”â”â”â”â”â”â”â”â”â”â”â”â”â”â”â”â”â”â”â”â”â”â”â”â”â”â”â”›
[08:30:34] INFO     version='0.8.0'                                             
           INFO     environment='prod'                                          
           INFO     loading config from '/workspaces/pw-manager/serve.toml'     
           INFO     connecting to Ganglion                                      
           INFO     <ganglion> No API Key provided. Using a temporary account.  
           INFO     <ganglion> Create an account with 'textual-web --signup'!   
           INFO     <ganglion> ---                                              
           INFO     <ganglion> Serving                                          
                    https://textual-web.io/672ravej4sf4/passwordmanager         
